This file contains any messages produced by compilers while
running configure, to aid debugging if configure makes a mistake.

It was created by libdwarf configure 0.5.0, which was
generated by GNU Autoconf 2.71.  Invocation command line was

  $ /home/andrei/Desktop/libdwarf-0.5.0/configure

## --------- ##
## Platform. ##
## --------- ##

hostname = ubuntu
uname -m = x86_64
uname -r = 5.15.0-56-generic
uname -s = Linux
uname -v = #62~20.04.1-Ubuntu SMP Tue Nov 22 21:24:20 UTC 2022

/usr/bin/uname -p = x86_64
/bin/uname -X     = unknown

/bin/arch              = x86_64
/usr/bin/arch -k       = unknown
/usr/convex/getsysinfo = unknown
/usr/bin/hostinfo      = unknown
/bin/machine           = unknown
/usr/bin/oslevel       = unknown
/bin/universe          = unknown

PATH: /usr/local/sbin/
PATH: /usr/local/bin/
PATH: /usr/sbin/
PATH: /usr/bin/
PATH: /sbin/
PATH: /bin/
PATH: /usr/games/
PATH: /usr/local/games/
PATH: /snap/bin/


## ----------- ##
## Core tests. ##
## ----------- ##

configure:2928: looking for aux files: ltmain.sh missing install-sh compile ar-lib config.guess config.sub
configure:2941:  trying ./
configure:2970:   ./ltmain.sh found
configure:2970:   ./missing found
configure:2952:   ./install-sh found
configure:2970:   ./compile found
configure:2970:   ./ar-lib found
configure:2970:   ./config.guess found
configure:2970:   ./config.sub found
configure:3211: checking build system type
configure:3226: result: x86_64-pc-linux-gnu
configure:3246: checking host system type
configure:3260: result: x86_64-pc-linux-gnu
configure:3365: checking for gcc
configure:3386: found /usr/bin/gcc
configure:3397: result: gcc
configure:3750: checking for C compiler version
configure:3759: gcc --version >&5
gcc (Ubuntu 9.4.0-1ubuntu1~20.04.1) 9.4.0
Copyright (C) 2019 Free Software Foundation, Inc.
This is free software; see the source for copying conditions.  There is NO
warranty; not even for MERCHANTABILITY or FITNESS FOR A PARTICULAR PURPOSE.

configure:3770: $? = 0
configure:3759: gcc -v >&5
Using built-in specs.
COLLECT_GCC=gcc
COLLECT_LTO_WRAPPER=/usr/lib/gcc/x86_64-linux-gnu/9/lto-wrapper
OFFLOAD_TARGET_NAMES=nvptx-none:hsa
OFFLOAD_TARGET_DEFAULT=1
Target: x86_64-linux-gnu
Configured with: ../src/configure -v --with-pkgversion='Ubuntu 9.4.0-1ubuntu1~20.04.1' --with-bugurl=file:///usr/share/doc/gcc-9/README.Bugs --enable-languages=c,ada,c++,go,brig,d,fortran,objc,obj-c++,gm2 --prefix=/usr --with-gcc-major-version-only --program-suffix=-9 --program-prefix=x86_64-linux-gnu- --enable-shared --enable-linker-build-id --libexecdir=/usr/lib --without-included-gettext --enable-threads=posix --libdir=/usr/lib --enable-nls --enable-clocale=gnu --enable-libstdcxx-debug --enable-libstdcxx-time=yes --with-default-libstdcxx-abi=new --enable-gnu-unique-object --disable-vtable-verify --enable-plugin --enable-default-pie --with-system-zlib --with-target-system-zlib=auto --enable-objc-gc=auto --enable-multiarch --disable-werror --with-arch-32=i686 --with-abi=m64 --with-multilib-list=m32,m64,mx32 --enable-multilib --with-tune=generic --enable-offload-targets=nvptx-none=/build/gcc-9-Av3uEd/gcc-9-9.4.0/debian/tmp-nvptx/usr,hsa --without-cuda-driver --enable-checking=release --build=x86_64-linux-gnu --host=x86_64-linux-gnu --target=x86_64-linux-gnu
Thread model: posix
gcc version 9.4.0 (Ubuntu 9.4.0-1ubuntu1~20.04.1) 
configure:3770: $? = 0
configure:3759: gcc -V >&5
gcc: error: unrecognized command line option '-V'
gcc: fatal error: no input files
compilation terminated.
configure:3770: $? = 1
configure:3759: gcc -qversion >&5
gcc: error: unrecognized command line option '-qversion'; did you mean '--version'?
gcc: fatal error: no input files
compilation terminated.
configure:3770: $? = 1
configure:3759: gcc -version >&5
gcc: error: unrecognized command line option '-version'
gcc: fatal error: no input files
compilation terminated.
configure:3770: $? = 1
configure:3790: checking whether the C compiler works
configure:3812: gcc    conftest.c  >&5
configure:3816: $? = 0
configure:3866: result: yes
configure:3869: checking for C compiler default output file name
configure:3871: result: a.out
configure:3877: checking for suffix of executables
configure:3884: gcc -o conftest    conftest.c  >&5
configure:3888: $? = 0
configure:3911: result: 
configure:3933: checking whether we are cross compiling
configure:3941: gcc -o conftest    conftest.c  >&5
configure:3945: $? = 0
configure:3952: ./conftest
configure:3956: $? = 0
configure:3944: result: no
configure:3949: checking for suffix of object files
configure:3972: gcc -c   conftest.c >&5
configure:3976: $? = 0
configure:3998: result: o
configure:4002: checking whether the compiler supports GNU C
configure:4022: gcc -c   conftest.c >&5
configure:4022: $? = 0
configure:4032: result: yes
configure:4043: checking whether gcc accepts -g
configure:4064: gcc -c -g  conftest.c >&5
configure:4064: $? = 0
configure:4108: result: yes
configure:4128: checking for gcc option to enable C11 features
configure:4143: gcc  -c -g -O2  conftest.c >&5
configure:4143: $? = 0
configure:4161: result: none needed
configure:4277: checking whether gcc understands -c and -o together
configure:4300: gcc -c conftest.c -o conftest2.o
configure:4303: $? = 0
configure:4300: gcc -c conftest.c -o conftest2.o
configure:4303: $? = 0
configure:4315: result: yes
configure:4388: checking for ar
configure:4409: found /usr/bin/ar
configure:4420: result: ar
configure:4446: checking the archiver (ar) interface
configure:4463: gcc -c -g -O2  conftest.c >&5
configure:4463: $? = 0
configure:4466: ar cru libconftest.a conftest.o >&5
ar: `u' modifier ignored since `D' is the default (see `U')
configure:4469: $? = 0
configure:4468: result: ar
configure:4508: checking for a BSD-compatible install
configure:4581: result: /usr/bin/install -c
configure:4592: checking whether build environment is sane
configure:4647: result: yes
configure:4800: checking for a race-free mkdir -p
configure:4844: result: /usr/bin/mkdir -p
configure:4851: checking for gawk
configure:4886: result: no
configure:4851: checking for mawk
configure:4872: found /usr/bin/mawk
configure:4883: result: mawk
configure:4894: checking whether make sets $(MAKE)
configure:4917: result: yes
configure:4939: checking whether make supports the include directive
configure:4954: make -f confmf.GNU && cat confinc.out
this is the am__doit target
configure:4957: $? = 0
configure:4976: result: yes (GNU style)
configure:5011: checking whether make supports nested variables
configure:5029: result: yes
configure:5110: checking dependency style of gcc
configure:5222: result: gcc3
configure:5306: checking whether make supports nested variables
configure:5324: result: yes
configure:5387: checking how to print strings
configure:5414: result: printf
configure:5435: checking for a sed that does not truncate output
configure:5505: result: /usr/bin/sed
configure:5523: checking for grep that handles long lines and -e
configure:5587: result: /usr/bin/grep
configure:5592: checking for egrep
configure:5660: result: /usr/bin/grep -E
configure:5665: checking for fgrep
configure:5733: result: /usr/bin/grep -F
configure:5769: checking for ld used by gcc
configure:5837: result: /usr/bin/ld
configure:5844: checking if the linker (/usr/bin/ld) is GNU ld
configure:5860: result: yes
configure:5872: checking for BSD- or MS-compatible name lister (nm)
configure:5927: result: /usr/bin/nm -B
configure:6067: checking the name lister (/usr/bin/nm -B) interface
configure:6075: gcc -c -g -O2  conftest.c >&5
configure:6078: /usr/bin/nm -B "conftest.o"
configure:6081: output
0000000000000000 B some_variable
configure:6082: result: BSD nm
configure:6085: checking whether ln -s works
configure:6089: result: yes
configure:6097: checking the maximum length of command line arguments
configure:6229: result: 1572864
configure:6277: checking how to convert x86_64-pc-linux-gnu file names to x86_64-pc-linux-gnu format
configure:6318: result: func_convert_file_noop
configure:6325: checking how to convert x86_64-pc-linux-gnu file names to toolchain format
configure:6346: result: func_convert_file_noop
configure:6353: checking for /usr/bin/ld option to reload object files
configure:6361: result: -r
configure:6440: checking for objdump
configure:6461: found /usr/bin/objdump
configure:6472: result: objdump
configure:6501: checking how to recognize dependent libraries
configure:6702: result: pass_all
configure:6792: checking for dlltool
configure:6827: result: no
configure:6854: checking how to associate runtime and link libraries
configure:6882: result: printf %s\n
configure:7016: checking for archiver @FILE support
configure:7034: gcc -c -g -O2  conftest.c >&5
configure:7034: $? = 0
configure:7038: ar cr libconftest.a @conftest.lst >&5
configure:7041: $? = 0
configure:7046: ar cr libconftest.a @conftest.lst >&5
ar: conftest.o: No such file or directory
configure:7049: $? = 1
configure:7048: result: @
configure:7111: checking for strip
configure:7132: found /usr/bin/strip
configure:7143: result: strip
configure:7220: checking for ranlib
configure:7241: found /usr/bin/ranlib
configure:7252: result: ranlib
configure:7354: checking command to parse /usr/bin/nm -B output from gcc object
configure:7508: gcc -c -g -O2  conftest.c >&5
configure:7511: $? = 0
configure:7515: /usr/bin/nm -B conftest.o | sed -n -e 's/^.*[	 ]\([ABCDGIRSTW][ABCDGIRSTW]*\)[	 ][	 ]*\([_A-Za-z][_A-Za-z0-9]*\)$/\1 \2 \2/p' | sed '/ __gnu_lto/d' > conftest.nm
configure:7581: gcc -o conftest -g -O2   conftest.c conftstm.o >&5
configure:7584: $? = 0
configure:7622: result: ok
configure:7669: checking for sysroot
configure:7700: result: no
configure:7707: checking for a working dd
configure:7751: result: /usr/bin/dd
configure:7755: checking how to truncate binary pipes
configure:7771: result: /usr/bin/dd bs=4096 count=1
configure:7908: gcc -c -g -O2  conftest.c >&5
configure:7911: $? = 0
configure:8108: checking for mt
configure:8129: found /usr/bin/mt
configure:8140: result: mt
configure:8163: checking if mt is a manifest tool
configure:8170: mt '-?'
configure:8178: result: no
configure:8908: checking for stdio.h
configure:8908: gcc -c -g -O2  conftest.c >&5
configure:8908: $? = 0
configure:8908: result: yes
configure:8908: checking for stdlib.h
configure:8908: gcc -c -g -O2  conftest.c >&5
configure:8908: $? = 0
configure:8908: result: yes
configure:8908: checking for string.h
configure:8908: gcc -c -g -O2  conftest.c >&5
configure:8908: $? = 0
configure:8908: result: yes
configure:8908: checking for inttypes.h
configure:8908: gcc -c -g -O2  conftest.c >&5
configure:8908: $? = 0
configure:8908: result: yes
configure:8908: checking for stdint.h
configure:8908: gcc -c -g -O2  conftest.c >&5
configure:8908: $? = 0
configure:8908: result: yes
configure:8908: checking for strings.h
configure:8908: gcc -c -g -O2  conftest.c >&5
configure:8908: $? = 0
configure:8908: result: yes
configure:8908: checking for sys/stat.h
configure:8908: gcc -c -g -O2  conftest.c >&5
configure:8908: $? = 0
configure:8908: result: yes
configure:8908: checking for sys/types.h
configure:8908: gcc -c -g -O2  conftest.c >&5
configure:8908: $? = 0
configure:8908: result: yes
configure:8908: checking for unistd.h
configure:8908: gcc -c -g -O2  conftest.c >&5
configure:8908: $? = 0
configure:8908: result: yes
configure:8933: checking for dlfcn.h
configure:8933: gcc -c -g -O2  conftest.c >&5
configure:8933: $? = 0
configure:8933: result: yes
configure:9518: checking for objdir
configure:9534: result: .libs
configure:9798: checking if gcc supports -fno-rtti -fno-exceptions
configure:9817: gcc -c -g -O2  -fno-rtti -fno-exceptions conftest.c >&5
cc1: warning: command line option '-fno-rtti' is valid for C++/D/ObjC++ but not for C
configure:9821: $? = 0
configure:9834: result: no
configure:10198: checking for gcc option to produce PIC
configure:10206: result: -fPIC -DPIC
configure:10214: checking if gcc PIC flag -fPIC -DPIC works
configure:10233: gcc -c -g -O2  -fPIC -DPIC -DPIC conftest.c >&5
configure:10237: $? = 0
configure:10250: result: yes
configure:10279: checking if gcc static flag -static works
configure:10308: result: yes
configure:10323: checking if gcc supports -c -o file.o
configure:10345: gcc -c -g -O2  -o out/conftest2.o conftest.c >&5
configure:10349: $? = 0
configure:10371: result: yes
configure:10379: checking if gcc supports -c -o file.o
configure:10427: result: yes
configure:10460: checking whether the gcc linker (/usr/bin/ld -m elf_x86_64) supports shared libraries
configure:11730: result: yes
configure:11971: checking dynamic linker characteristics
configure:12553: gcc -o conftest -g -O2   -Wl,-rpath -Wl,/foo conftest.c  >&5
configure:12553: $? = 0
configure:12804: result: GNU/Linux ld.so
configure:12926: checking how to hardcode library paths into programs
configure:12951: result: immediate
configure:13503: checking whether stripping libraries is possible
configure:13508: result: yes
configure:13543: checking if libtool supports shared libraries
configure:13545: result: yes
configure:13548: checking whether to build shared libraries
configure:13573: result: no
configure:13576: checking whether to build static libraries
configure:13580: result: yes
configure:10444: checking for gcc
configure:10476: result: gcc
configure:10829: checking for C compiler version
configure:10838: gcc --version >&5
gcc (Ubuntu 9.4.0-1ubuntu1~20.04.1) 9.4.0
Copyright (C) 2019 Free Software Foundation, Inc.
This is free software; see the source for copying conditions.  There is NO
warranty; not even for MERCHANTABILITY or FITNESS FOR A PARTICULAR PURPOSE.

configure:10849: $? = 0
configure:10838: gcc -v >&5
Using built-in specs.
COLLECT_GCC=gcc
COLLECT_LTO_WRAPPER=/usr/lib/gcc/x86_64-linux-gnu/9/lto-wrapper
OFFLOAD_TARGET_NAMES=nvptx-none:hsa
OFFLOAD_TARGET_DEFAULT=1
Target: x86_64-linux-gnu
Configured with: ../src/configure -v --with-pkgversion='Ubuntu 9.4.0-1ubuntu1~20.04.1' --with-bugurl=file:///usr/share/doc/gcc-9/README.Bugs --enable-languages=c,ada,c++,go,brig,d,fortran,objc,obj-c++,gm2 --prefix=/usr --with-gcc-major-version-only --program-suffix=-9 --program-prefix=x86_64-linux-gnu- --enable-shared --enable-linker-build-id --libexecdir=/usr/lib --without-included-gettext --enable-threads=posix --libdir=/usr/lib --enable-nls --enable-clocale=gnu --enable-libstdcxx-debug --enable-libstdcxx-time=yes --with-default-libstdcxx-abi=new --enable-gnu-unique-object --disable-vtable-verify --enable-plugin --enable-default-pie --with-system-zlib --with-target-system-zlib=auto --enable-objc-gc=auto --enable-multiarch --disable-werror --with-arch-32=i686 --with-abi=m64 --with-multilib-list=m32,m64,mx32 --enable-multilib --with-tune=generic --enable-offload-targets=nvptx-none=/build/gcc-9-Av3uEd/gcc-9-9.4.0/debian/tmp-nvptx/usr,hsa --without-cuda-driver --enable-checking=release --build=x86_64-linux-gnu --host=x86_64-linux-gnu --target=x86_64-linux-gnu
Thread model: posix
gcc version 9.4.0 (Ubuntu 9.4.0-1ubuntu1~20.04.1) 
configure:10849: $? = 0
configure:10838: gcc -V >&5
gcc: error: unrecognized command line option '-V'
gcc: fatal error: no input files
compilation terminated.
configure:10849: $? = 1
configure:10838: gcc -qversion >&5
gcc: error: unrecognized command line option '-qversion'; did you mean '--version'?
gcc: fatal error: no input files
compilation terminated.
configure:10849: $? = 1
configure:10838: gcc -version >&5
gcc: error: unrecognized command line option '-version'
gcc: fatal error: no input files
compilation terminated.
configure:10849: $? = 1
configure:10853: checking whether the compiler supports GNU C
configure:10883: result: yes
configure:10894: checking whether gcc accepts -g
configure:10959: result: yes
configure:10979: checking for gcc option to enable C11 features
configure:11012: result: none needed
configure:11128: checking whether gcc understands -c and -o together
configure:11166: result: yes
configure:11252: checking for g++
configure:11273: found /usr/bin/g++
configure:11284: result: g++
configure:11311: checking for C++ compiler version
configure:11320: g++ --version >&5
g++ (Ubuntu 9.4.0-1ubuntu1~20.04.1) 9.4.0
Copyright (C) 2019 Free Software Foundation, Inc.
This is free software; see the source for copying conditions.  There is NO
warranty; not even for MERCHANTABILITY or FITNESS FOR A PARTICULAR PURPOSE.

configure:11331: $? = 0
configure:11320: g++ -v >&5
Using built-in specs.
COLLECT_GCC=g++
COLLECT_LTO_WRAPPER=/usr/lib/gcc/x86_64-linux-gnu/9/lto-wrapper
OFFLOAD_TARGET_NAMES=nvptx-none:hsa
OFFLOAD_TARGET_DEFAULT=1
Target: x86_64-linux-gnu
Configured with: ../src/configure -v --with-pkgversion='Ubuntu 9.4.0-1ubuntu1~20.04.1' --with-bugurl=file:///usr/share/doc/gcc-9/README.Bugs --enable-languages=c,ada,c++,go,brig,d,fortran,objc,obj-c++,gm2 --prefix=/usr --with-gcc-major-version-only --program-suffix=-9 --program-prefix=x86_64-linux-gnu- --enable-shared --enable-linker-build-id --libexecdir=/usr/lib --without-included-gettext --enable-threads=posix --libdir=/usr/lib --enable-nls --enable-clocale=gnu --enable-libstdcxx-debug --enable-libstdcxx-time=yes --with-default-libstdcxx-abi=new --enable-gnu-unique-object --disable-vtable-verify --enable-plugin --enable-default-pie --with-system-zlib --with-target-system-zlib=auto --enable-objc-gc=auto --enable-multiarch --disable-werror --with-arch-32=i686 --with-abi=m64 --with-multilib-list=m32,m64,mx32 --enable-multilib --with-tune=generic --enable-offload-targets=nvptx-none=/build/gcc-9-Av3uEd/gcc-9-9.4.0/debian/tmp-nvptx/usr,hsa --without-cuda-driver --enable-checking=release --build=x86_64-linux-gnu --host=x86_64-linux-gnu --target=x86_64-linux-gnu
Thread model: posix
gcc version 9.4.0 (Ubuntu 9.4.0-1ubuntu1~20.04.1) 
configure:11331: $? = 0
configure:11320: g++ -V >&5
g++: error: unrecognized command line option '-V'
g++: fatal error: no input files
compilation terminated.
configure:11331: $? = 1
configure:11320: g++ -qversion >&5
g++: error: unrecognized command line option '-qversion'; did you mean '--version'?
g++: fatal error: no input files
compilation terminated.
configure:11331: $? = 1
configure:11335: checking whether the compiler supports GNU C++
configure:11355: g++ -c   conftest.cpp >&5
configure:11355: $? = 0
configure:11365: result: yes
configure:11376: checking whether g++ accepts -g
configure:11397: g++ -c -g  conftest.cpp >&5
configure:11397: $? = 0
configure:11441: result: yes
configure:11461: checking for g++ option to enable C++11 features
configure:11476: g++  -c -g -O2  conftest.cpp >&5
configure:11476: $? = 0
configure:11494: result: none needed
configure:11560: checking dependency style of g++
configure:11672: result: gcc3
configure:11705: checking how to run the C++ preprocessor
configure:11727: g++ -E  conftest.cpp
configure:11727: $? = 0
configure:11742: g++ -E  conftest.cpp
conftest.cpp:23:10: fatal error: ac_nonexistent.h: No such file or directory
   23 | #include <ac_nonexistent.h>
      |          ^~~~~~~~~~~~~~~~~~
compilation terminated.
configure:11742: $? = 1
configure: failed program was:
| /* confdefs.h */
| #define PACKAGE_NAME "libdwarf"
| #define PACKAGE_TARNAME "libdwarf"
| #define PACKAGE_VERSION "0.5.0"
| #define PACKAGE_STRING "libdwarf 0.5.0"
| #define PACKAGE_BUGREPORT "libdwarf-list -at- linuxmail -dot- org"
| #define PACKAGE_URL ""
| #define PACKAGE "libdwarf"
| #define VERSION "0.5.0"
| #define HAVE_STDIO_H 1
| #define HAVE_STDLIB_H 1
| #define HAVE_STRING_H 1
| #define HAVE_INTTYPES_H 1
| #define HAVE_STDINT_H 1
| #define HAVE_STRINGS_H 1
| #define HAVE_SYS_STAT_H 1
| #define HAVE_SYS_TYPES_H 1
| #define HAVE_UNISTD_H 1
| #define STDC_HEADERS 1
| #define HAVE_DLFCN_H 1
| #define LT_OBJDIR ".libs/"
| /* end confdefs.h.  */
| #include <ac_nonexistent.h>
configure:11769: result: g++ -E
configure:11783: g++ -E  conftest.cpp
configure:11783: $? = 0
configure:11798: g++ -E  conftest.cpp
conftest.cpp:23:10: fatal error: ac_nonexistent.h: No such file or directory
   23 | #include <ac_nonexistent.h>
      |          ^~~~~~~~~~~~~~~~~~
compilation terminated.
configure:11798: $? = 1
configure: failed program was:
| /* confdefs.h */
| #define PACKAGE_NAME "libdwarf"
| #define PACKAGE_TARNAME "libdwarf"
| #define PACKAGE_VERSION "0.5.0"
| #define PACKAGE_STRING "libdwarf 0.5.0"
| #define PACKAGE_BUGREPORT "libdwarf-list -at- linuxmail -dot- org"
| #define PACKAGE_URL ""
| #define PACKAGE "libdwarf"
| #define VERSION "0.5.0"
| #define HAVE_STDIO_H 1
| #define HAVE_STDLIB_H 1
| #define HAVE_STRING_H 1
| #define HAVE_INTTYPES_H 1
| #define HAVE_STDINT_H 1
| #define HAVE_STRINGS_H 1
| #define HAVE_SYS_STAT_H 1
| #define HAVE_SYS_TYPES_H 1
| #define HAVE_UNISTD_H 1
| #define STDC_HEADERS 1
| #define HAVE_DLFCN_H 1
| #define LT_OBJDIR ".libs/"
| /* end confdefs.h.  */
| #include <ac_nonexistent.h>
configure:11963: checking for ld used by g++
configure:12031: result: /usr/bin/ld -m elf_x86_64
configure:12038: checking if the linker (/usr/bin/ld -m elf_x86_64) is GNU ld
configure:12054: result: yes
configure:12109: checking whether the g++ linker (/usr/bin/ld -m elf_x86_64) supports shared libraries
configure:13186: result: yes
configure:13222: g++ -c -g -O2  conftest.cpp >&5
configure:13225: $? = 0
configure:13706: checking for g++ option to produce PIC
configure:13714: result: -fPIC -DPIC
configure:13722: checking if g++ PIC flag -fPIC -DPIC works
configure:13741: g++ -c -g -O2  -fPIC -DPIC -DPIC conftest.cpp >&5
configure:13745: $? = 0
configure:13758: result: yes
configure:13781: checking if g++ static flag -static works
configure:13810: result: yes
configure:13822: checking if g++ supports -c -o file.o
configure:13844: g++ -c -g -O2  -o out/conftest2.o conftest.cpp >&5
configure:13848: $? = 0
configure:13870: result: yes
configure:13875: checking if g++ supports -c -o file.o
configure:13923: result: yes
configure:13953: checking whether the g++ linker (/usr/bin/ld -m elf_x86_64) supports shared libraries
configure:13996: result: yes
configure:14138: checking dynamic linker characteristics
configure:14898: result: GNU/Linux ld.so
configure:14963: checking how to hardcode library paths into programs
configure:14988: result: immediate
configure:13855: checking whether gcc and cc understand -c and -o together
configure:13887: gcc -c conftest.c -o conftest2.o >&5
configure:13891: $? = 0
configure:13897: gcc -c conftest.c -o conftest2.o >&5
configure:13901: $? = 0
configure:13912: cc -c conftest.c >&5
configure:13916: $? = 0
configure:13924: cc -c conftest.c -o conftest2.o >&5
configure:13928: $? = 0
configure:13934: cc -c conftest.c -o conftest2.o >&5
configure:13938: $? = 0
configure:13956: result: yes
configure:14026: checking for pkg-config
configure:14049: found /usr/bin/pkg-config
configure:14061: result: /usr/bin/pkg-config
configure:14086: checking pkg-config is at least version 0.9.0
configure:14089: result: yes
configure:14174: checking for ZLIB
configure:14181: $PKG_CONFIG --exists --print-errors "zlib"
configure:14184: $? = 0
configure:14198: $PKG_CONFIG --exists --print-errors "zlib"
configure:14201: $? = 0
configure:14245: result: yes
configure:14255: checking for ZSTD
configure:14262: $PKG_CONFIG --exists --print-errors "zstd"
Package zstd was not found in the pkg-config search path.
Perhaps you should add the directory containing `zstd.pc'
to the PKG_CONFIG_PATH environment variable
Package 'zstd', required by 'virtual:world', not found
configure:14265: $? = 1
configure:14279: $PKG_CONFIG --exists --print-errors "zstd"
Package zstd was not found in the pkg-config search path.
Perhaps you should add the directory containing `zstd.pc'
to the PKG_CONFIG_PATH environment variable
Package 'zstd', required by 'virtual:world', not found
configure:14282: $? = 1
configure:14296: result: no
Package 'zstd', required by 'virtual:world', not found
configure:14345: checking for unistd.h
configure:14345: result: yes
configure:14351: checking for sys/types.h
configure:14351: result: yes
configure:14357: checking for malloc.h
configure:14357: gcc -c -g -O2  conftest.c >&5
configure:14357: $? = 0
configure:14357: result: yes
configure:14365: checking for stdint.h
configure:14365: result: yes
configure:14371: checking for inttypes.h
configure:14371: result: yes
configure:14377: checking for stddef.h
configure:14377: gcc -c -g -O2  conftest.c >&5
configure:14377: $? = 0
configure:14377: result: yes
configure:14383: checking for fcntl.h
configure:14383: gcc -c -g -O2  conftest.c >&5
configure:14383: $? = 0
configure:14383: result: yes
configure:14410: checking for zstd.h
configure:14410: gcc -c -g -O2  conftest.c >&5
conftest.c:58:10: fatal error: zstd.h: No such file or directory
   58 | #include <zstd.h>
      |          ^~~~~~~~
compilation terminated.
configure:14410: $? = 1
configure: failed program was:
| /* confdefs.h */
| #define PACKAGE_NAME "libdwarf"
| #define PACKAGE_TARNAME "libdwarf"
| #define PACKAGE_VERSION "0.5.0"
| #define PACKAGE_STRING "libdwarf 0.5.0"
| #define PACKAGE_BUGREPORT "libdwarf-list -at- linuxmail -dot- org"
| #define PACKAGE_URL ""
| #define PACKAGE "libdwarf"
| #define VERSION "0.5.0"
| #define HAVE_STDIO_H 1
| #define HAVE_STDLIB_H 1
| #define HAVE_STRING_H 1
| #define HAVE_INTTYPES_H 1
| #define HAVE_STDINT_H 1
| #define HAVE_STRINGS_H 1
| #define HAVE_SYS_STAT_H 1
| #define HAVE_SYS_TYPES_H 1
| #define HAVE_UNISTD_H 1
| #define STDC_HEADERS 1
| #define HAVE_DLFCN_H 1
| #define LT_OBJDIR ".libs/"
| #define HAVE_UNISTD_H 1
| #define HAVE_SYS_TYPES_H 1
| #define HAVE_MALLOC_H 1
| #define HAVE_STDINT_H 1
| #define HAVE_INTTYPES_H 1
| #define HAVE_STDDEF_H 1
| #define HAVE_FCNTL_H 1
| /* end confdefs.h.  */
| #include <stddef.h>
| #ifdef HAVE_STDIO_H
| # include <stdio.h>
| #endif
| #ifdef HAVE_STDLIB_H
| # include <stdlib.h>
| #endif
| #ifdef HAVE_STRING_H
| # include <string.h>
| #endif
| #ifdef HAVE_INTTYPES_H
| # include <inttypes.h>
| #endif
| #ifdef HAVE_STDINT_H
| # include <stdint.h>
| #endif
| #ifdef HAVE_STRINGS_H
| # include <strings.h>
| #endif
| #ifdef HAVE_SYS_TYPES_H
| # include <sys/types.h>
| #endif
| #ifdef HAVE_SYS_STAT_H
| # include <sys/stat.h>
| #endif
| #ifdef HAVE_UNISTD_H
| # include <unistd.h>
| #endif
| #include <zstd.h>
configure:14410: result: no
configure:14425: checking for uintptr_t
configure:14425: gcc -c -g -O2  conftest.c >&5
configure:14425: $? = 0
configure:14425: gcc -c -g -O2  conftest.c >&5
conftest.c: In function 'main':
conftest.c:61:24: error: expected expression before ')' token
   61 | if (sizeof ((uintptr_t)))
      |                        ^
configure:14425: $? = 1
configure: failed program was:
| /* confdefs.h */
| #define PACKAGE_NAME "libdwarf"
| #define PACKAGE_TARNAME "libdwarf"
| #define PACKAGE_VERSION "0.5.0"
| #define PACKAGE_STRING "libdwarf 0.5.0"
| #define PACKAGE_BUGREPORT "libdwarf-list -at- linuxmail -dot- org"
| #define PACKAGE_URL ""
| #define PACKAGE "libdwarf"
| #define VERSION "0.5.0"
| #define HAVE_STDIO_H 1
| #define HAVE_STDLIB_H 1
| #define HAVE_STRING_H 1
| #define HAVE_INTTYPES_H 1
| #define HAVE_STDINT_H 1
| #define HAVE_STRINGS_H 1
| #define HAVE_SYS_STAT_H 1
| #define HAVE_SYS_TYPES_H 1
| #define HAVE_UNISTD_H 1
| #define STDC_HEADERS 1
| #define HAVE_DLFCN_H 1
| #define LT_OBJDIR ".libs/"
| #define HAVE_UNISTD_H 1
| #define HAVE_SYS_TYPES_H 1
| #define HAVE_MALLOC_H 1
| #define HAVE_STDINT_H 1
| #define HAVE_INTTYPES_H 1
| #define HAVE_STDDEF_H 1
| #define HAVE_FCNTL_H 1
| /* end confdefs.h.  */
| #include <stddef.h>
| #ifdef HAVE_STDIO_H
| # include <stdio.h>
| #endif
| #ifdef HAVE_STDLIB_H
| # include <stdlib.h>
| #endif
| #ifdef HAVE_STRING_H
| # include <string.h>
| #endif
| #ifdef HAVE_INTTYPES_H
| # include <inttypes.h>
| #endif
| #ifdef HAVE_STDINT_H
| # include <stdint.h>
| #endif
| #ifdef HAVE_STRINGS_H
| # include <strings.h>
| #endif
| #ifdef HAVE_SYS_TYPES_H
| # include <sys/types.h>
| #endif
| #ifdef HAVE_SYS_STAT_H
| # include <sys/stat.h>
| #endif
| #ifdef HAVE_UNISTD_H
| # include <unistd.h>
| #endif
| int
| main (void)
| {
| if (sizeof ((uintptr_t)))
| 	    return 0;
|   ;
|   return 0;
| }
configure:14425: result: yes
configure:14462: checking for intptr_t
configure:14462: gcc -c -g -O2  conftest.c >&5
configure:14462: $? = 0
configure:14462: gcc -c -g -O2  conftest.c >&5
conftest.c: In function 'main':
conftest.c:62:23: error: expected expression before ')' token
   62 | if (sizeof ((intptr_t)))
      |                       ^
configure:14462: $? = 1
configure: failed program was:
| /* confdefs.h */
| #define PACKAGE_NAME "libdwarf"
| #define PACKAGE_TARNAME "libdwarf"
| #define PACKAGE_VERSION "0.5.0"
| #define PACKAGE_STRING "libdwarf 0.5.0"
| #define PACKAGE_BUGREPORT "libdwarf-list -at- linuxmail -dot- org"
| #define PACKAGE_URL ""
| #define PACKAGE "libdwarf"
| #define VERSION "0.5.0"
| #define HAVE_STDIO_H 1
| #define HAVE_STDLIB_H 1
| #define HAVE_STRING_H 1
| #define HAVE_INTTYPES_H 1
| #define HAVE_STDINT_H 1
| #define HAVE_STRINGS_H 1
| #define HAVE_SYS_STAT_H 1
| #define HAVE_SYS_TYPES_H 1
| #define HAVE_UNISTD_H 1
| #define STDC_HEADERS 1
| #define HAVE_DLFCN_H 1
| #define LT_OBJDIR ".libs/"
| #define HAVE_UNISTD_H 1
| #define HAVE_SYS_TYPES_H 1
| #define HAVE_MALLOC_H 1
| #define HAVE_STDINT_H 1
| #define HAVE_INTTYPES_H 1
| #define HAVE_STDDEF_H 1
| #define HAVE_FCNTL_H 1
| #define HAVE_UINTPTR_T 1
| /* end confdefs.h.  */
| #include <stddef.h>
| #ifdef HAVE_STDIO_H
| # include <stdio.h>
| #endif
| #ifdef HAVE_STDLIB_H
| # include <stdlib.h>
| #endif
| #ifdef HAVE_STRING_H
| # include <string.h>
| #endif
| #ifdef HAVE_INTTYPES_H
| # include <inttypes.h>
| #endif
| #ifdef HAVE_STDINT_H
| # include <stdint.h>
| #endif
| #ifdef HAVE_STRINGS_H
| # include <strings.h>
| #endif
| #ifdef HAVE_SYS_TYPES_H
| # include <sys/types.h>
| #endif
| #ifdef HAVE_SYS_STAT_H
| # include <sys/stat.h>
| #endif
| #ifdef HAVE_UNISTD_H
| # include <unistd.h>
| #endif
| int
| main (void)
| {
| if (sizeof ((intptr_t)))
| 	    return 0;
|   ;
|   return 0;
| }
configure:14462: result: yes
configure:14497: checking for uint32_t
configure:14497: gcc -c -g -O2  conftest.c >&5
configure:14497: $? = 0
configure:14497: result: yes
configure:14521: checking for libelf.h
configure:14521: gcc -c -g -O2  conftest.c >&5
conftest.c:60:10: fatal error: libelf.h: No such file or directory
   60 | #include <libelf.h>
      |          ^~~~~~~~~~
compilation terminated.
configure:14521: $? = 1
configure: failed program was:
| /* confdefs.h */
| #define PACKAGE_NAME "libdwarf"
| #define PACKAGE_TARNAME "libdwarf"
| #define PACKAGE_VERSION "0.5.0"
| #define PACKAGE_STRING "libdwarf 0.5.0"
| #define PACKAGE_BUGREPORT "libdwarf-list -at- linuxmail -dot- org"
| #define PACKAGE_URL ""
| #define PACKAGE "libdwarf"
| #define VERSION "0.5.0"
| #define HAVE_STDIO_H 1
| #define HAVE_STDLIB_H 1
| #define HAVE_STRING_H 1
| #define HAVE_INTTYPES_H 1
| #define HAVE_STDINT_H 1
| #define HAVE_STRINGS_H 1
| #define HAVE_SYS_STAT_H 1
| #define HAVE_SYS_TYPES_H 1
| #define HAVE_UNISTD_H 1
| #define STDC_HEADERS 1
| #define HAVE_DLFCN_H 1
| #define LT_OBJDIR ".libs/"
| #define HAVE_UNISTD_H 1
| #define HAVE_SYS_TYPES_H 1
| #define HAVE_MALLOC_H 1
| #define HAVE_STDINT_H 1
| #define HAVE_INTTYPES_H 1
| #define HAVE_STDDEF_H 1
| #define HAVE_FCNTL_H 1
| #define HAVE_UINTPTR_T 1
| #define HAVE_INTPTR_T 1
| /* end confdefs.h.  */
| #include <stddef.h>
| #ifdef HAVE_STDIO_H
| # include <stdio.h>
| #endif
| #ifdef HAVE_STDLIB_H
| # include <stdlib.h>
| #endif
| #ifdef HAVE_STRING_H
| # include <string.h>
| #endif
| #ifdef HAVE_INTTYPES_H
| # include <inttypes.h>
| #endif
| #ifdef HAVE_STDINT_H
| # include <stdint.h>
| #endif
| #ifdef HAVE_STRINGS_H
| # include <strings.h>
| #endif
| #ifdef HAVE_SYS_TYPES_H
| # include <sys/types.h>
| #endif
| #ifdef HAVE_SYS_STAT_H
| # include <sys/stat.h>
| #endif
| #ifdef HAVE_UNISTD_H
| # include <unistd.h>
| #endif
| #include <libelf.h>
configure:14521: result: no
configure:14527: checking for libelf/libelf.h
configure:14527: gcc -c -g -O2  conftest.c >&5
conftest.c:60:10: fatal error: libelf/libelf.h: No such file or directory
   60 | #include <libelf/libelf.h>
      |          ^~~~~~~~~~~~~~~~~
compilation terminated.
configure:14527: $? = 1
configure: failed program was:
| /* confdefs.h */
| #define PACKAGE_NAME "libdwarf"
| #define PACKAGE_TARNAME "libdwarf"
| #define PACKAGE_VERSION "0.5.0"
| #define PACKAGE_STRING "libdwarf 0.5.0"
| #define PACKAGE_BUGREPORT "libdwarf-list -at- linuxmail -dot- org"
| #define PACKAGE_URL ""
| #define PACKAGE "libdwarf"
| #define VERSION "0.5.0"
| #define HAVE_STDIO_H 1
| #define HAVE_STDLIB_H 1
| #define HAVE_STRING_H 1
| #define HAVE_INTTYPES_H 1
| #define HAVE_STDINT_H 1
| #define HAVE_STRINGS_H 1
| #define HAVE_SYS_STAT_H 1
| #define HAVE_SYS_TYPES_H 1
| #define HAVE_UNISTD_H 1
| #define STDC_HEADERS 1
| #define HAVE_DLFCN_H 1
| #define LT_OBJDIR ".libs/"
| #define HAVE_UNISTD_H 1
| #define HAVE_SYS_TYPES_H 1
| #define HAVE_MALLOC_H 1
| #define HAVE_STDINT_H 1
| #define HAVE_INTTYPES_H 1
| #define HAVE_STDDEF_H 1
| #define HAVE_FCNTL_H 1
| #define HAVE_UINTPTR_T 1
| #define HAVE_INTPTR_T 1
| /* end confdefs.h.  */
| #include <stddef.h>
| #ifdef HAVE_STDIO_H
| # include <stdio.h>
| #endif
| #ifdef HAVE_STDLIB_H
| # include <stdlib.h>
| #endif
| #ifdef HAVE_STRING_H
| # include <string.h>
| #endif
| #ifdef HAVE_INTTYPES_H
| # include <inttypes.h>
| #endif
| #ifdef HAVE_STDINT_H
| # include <stdint.h>
| #endif
| #ifdef HAVE_STRINGS_H
| # include <strings.h>
| #endif
| #ifdef HAVE_SYS_TYPES_H
| # include <sys/types.h>
| #endif
| #ifdef HAVE_SYS_STAT_H
| # include <sys/stat.h>
| #endif
| #ifdef HAVE_UNISTD_H
| # include <unistd.h>
| #endif
| #include <libelf/libelf.h>
configure:14527: result: no
configure:14534: checking for elf.h
configure:14534: gcc -c -g -O2  conftest.c >&5
configure:14534: $? = 0
configure:14534: result: yes
configure:14548: "no libelf headers, so no libelf"
configure:14571: checking whether byte ordering is bigendian
configure:14587: gcc -c -g -O2  conftest.c >&5
conftest.c:34:9: error: unknown type name 'not'
   34 |         not a universal capable compiler
      |         ^~~
conftest.c:34:15: error: expected '=', ',', ';', 'asm' or '__attribute__' before 'universal'
   34 |         not a universal capable compiler
      |               ^~~~~~~~~
conftest.c:34:15: error: unknown type name 'universal'
configure:14587: $? = 1
configure: failed program was:
| /* confdefs.h */
| #define PACKAGE_NAME "libdwarf"
| #define PACKAGE_TARNAME "libdwarf"
| #define PACKAGE_VERSION "0.5.0"
| #define PACKAGE_STRING "libdwarf 0.5.0"
| #define PACKAGE_BUGREPORT "libdwarf-list -at- linuxmail -dot- org"
| #define PACKAGE_URL ""
| #define PACKAGE "libdwarf"
| #define VERSION "0.5.0"
| #define HAVE_STDIO_H 1
| #define HAVE_STDLIB_H 1
| #define HAVE_STRING_H 1
| #define HAVE_INTTYPES_H 1
| #define HAVE_STDINT_H 1
| #define HAVE_STRINGS_H 1
| #define HAVE_SYS_STAT_H 1
| #define HAVE_SYS_TYPES_H 1
| #define HAVE_UNISTD_H 1
| #define STDC_HEADERS 1
| #define HAVE_DLFCN_H 1
| #define LT_OBJDIR ".libs/"
| #define HAVE_UNISTD_H 1
| #define HAVE_SYS_TYPES_H 1
| #define HAVE_MALLOC_H 1
| #define HAVE_STDINT_H 1
| #define HAVE_INTTYPES_H 1
| #define HAVE_STDDEF_H 1
| #define HAVE_FCNTL_H 1
| #define HAVE_UINTPTR_T 1
| #define HAVE_INTPTR_T 1
| #define HAVE_ELF_H 1
| /* end confdefs.h.  */
| #ifndef __APPLE_CC__
| 	       not a universal capable compiler
| 	     #endif
| 	     typedef int dummy;
| 
configure:14633: gcc -c -g -O2  conftest.c >&5
configure:14633: $? = 0
configure:14652: gcc -c -g -O2  conftest.c >&5
conftest.c: In function 'main':
conftest.c:40:4: error: unknown type name 'not'; did you mean 'ino_t'?
   40 |    not big endian
      |    ^~~
      |    ino_t
conftest.c:40:12: error: expected '=', ',', ';', 'asm' or '__attribute__' before 'endian'
   40 |    not big endian
      |            ^~~~~~
configure:14652: $? = 1
configure: failed program was:
| /* confdefs.h */
| #define PACKAGE_NAME "libdwarf"
| #define PACKAGE_TARNAME "libdwarf"
| #define PACKAGE_VERSION "0.5.0"
| #define PACKAGE_STRING "libdwarf 0.5.0"
| #define PACKAGE_BUGREPORT "libdwarf-list -at- linuxmail -dot- org"
| #define PACKAGE_URL ""
| #define PACKAGE "libdwarf"
| #define VERSION "0.5.0"
| #define HAVE_STDIO_H 1
| #define HAVE_STDLIB_H 1
| #define HAVE_STRING_H 1
| #define HAVE_INTTYPES_H 1
| #define HAVE_STDINT_H 1
| #define HAVE_STRINGS_H 1
| #define HAVE_SYS_STAT_H 1
| #define HAVE_SYS_TYPES_H 1
| #define HAVE_UNISTD_H 1
| #define STDC_HEADERS 1
| #define HAVE_DLFCN_H 1
| #define LT_OBJDIR ".libs/"
| #define HAVE_UNISTD_H 1
| #define HAVE_SYS_TYPES_H 1
| #define HAVE_MALLOC_H 1
| #define HAVE_STDINT_H 1
| #define HAVE_INTTYPES_H 1
| #define HAVE_STDDEF_H 1
| #define HAVE_FCNTL_H 1
| #define HAVE_UINTPTR_T 1
| #define HAVE_INTPTR_T 1
| #define HAVE_ELF_H 1
| /* end confdefs.h.  */
| #include <sys/types.h>
| 		#include <sys/param.h>
| 
| int
| main (void)
| {
| #if BYTE_ORDER != BIG_ENDIAN
| 		 not big endian
| 		#endif
| 
|   ;
|   return 0;
| }
configure:14786: result: no
configure:14844: checking whether the C++ compiler supports 
configure:14857: g++ -c -g -O2   conftest.cpp >&5
configure:14857: $? = 0
configure:14864: result: yes
configure:14944: checking whether the C compiler supports 
configure:14957: gcc -c -g -O2   conftest.c >&5
configure:14957: $? = 0
configure:14964: result: yes
configure:15057: gcc -c -g -O2  conftest.c >&5
configure:15057: $? = 0
configure:15070: checking whether "unused" attribute is available
configure:15072: result: yes
configure:15107: checking whether sanitize options are used
configure:15109: result: no
configure:15149: checking for size_t
configure:15149: gcc -c -g -O2  conftest.c >&5
configure:15149: $? = 0
configure:15149: gcc -c -g -O2  conftest.c >&5
conftest.c: In function 'main':
conftest.c:65:21: error: expected expression before ')' token
   65 | if (sizeof ((size_t)))
      |                     ^
configure:15149: $? = 1
configure: failed program was:
| /* confdefs.h */
| #define PACKAGE_NAME "libdwarf"
| #define PACKAGE_TARNAME "libdwarf"
| #define PACKAGE_VERSION "0.5.0"
| #define PACKAGE_STRING "libdwarf 0.5.0"
| #define PACKAGE_BUGREPORT "libdwarf-list -at- linuxmail -dot- org"
| #define PACKAGE_URL ""
| #define PACKAGE "libdwarf"
| #define VERSION "0.5.0"
| #define HAVE_STDIO_H 1
| #define HAVE_STDLIB_H 1
| #define HAVE_STRING_H 1
| #define HAVE_INTTYPES_H 1
| #define HAVE_STDINT_H 1
| #define HAVE_STRINGS_H 1
| #define HAVE_SYS_STAT_H 1
| #define HAVE_SYS_TYPES_H 1
| #define HAVE_UNISTD_H 1
| #define STDC_HEADERS 1
| #define HAVE_DLFCN_H 1
| #define LT_OBJDIR ".libs/"
| #define HAVE_UNISTD_H 1
| #define HAVE_SYS_TYPES_H 1
| #define HAVE_MALLOC_H 1
| #define HAVE_STDINT_H 1
| #define HAVE_INTTYPES_H 1
| #define HAVE_STDDEF_H 1
| #define HAVE_FCNTL_H 1
| #define HAVE_UINTPTR_T 1
| #define HAVE_INTPTR_T 1
| #define HAVE_ELF_H 1
| #define HAVE_UNUSED_ATTRIBUTE 1
| /* end confdefs.h.  */
| #include <stddef.h>
| #ifdef HAVE_STDIO_H
| # include <stdio.h>
| #endif
| #ifdef HAVE_STDLIB_H
| # include <stdlib.h>
| #endif
| #ifdef HAVE_STRING_H
| # include <string.h>
| #endif
| #ifdef HAVE_INTTYPES_H
| # include <inttypes.h>
| #endif
| #ifdef HAVE_STDINT_H
| # include <stdint.h>
| #endif
| #ifdef HAVE_STRINGS_H
| # include <strings.h>
| #endif
| #ifdef HAVE_SYS_TYPES_H
| # include <sys/types.h>
| #endif
| #ifdef HAVE_SYS_STAT_H
| # include <sys/stat.h>
| #endif
| #ifdef HAVE_UNISTD_H
| # include <unistd.h>
| #endif
| int
| main (void)
| {
| if (sizeof ((size_t)))
| 	    return 0;
|   ;
|   return 0;
| }
configure:15149: result: yes
configure:15161: checking for working alloca.h
configure:15179: gcc -o conftest -g -O2   conftest.c  >&5
configure:15179: $? = 0
configure:15188: result: yes
configure:15196: checking for alloca
configure:15241: result: yes
configure:15315: checking for library containing elf64_getehdr
configure:15345: gcc -o conftest -g -O2   conftest.c   >&5
/usr/bin/ld: /tmp/ccgQrQaV.o: in function `main':
/home/andrei/Desktop/libdwarf-0.5.0/conftest.c:44: undefined reference to `elf64_getehdr'
collect2: error: ld returned 1 exit status
configure:15345: $? = 1
configure: failed program was:
| /* confdefs.h */
| #define PACKAGE_NAME "libdwarf"
| #define PACKAGE_TARNAME "libdwarf"
| #define PACKAGE_VERSION "0.5.0"
| #define PACKAGE_STRING "libdwarf 0.5.0"
| #define PACKAGE_BUGREPORT "libdwarf-list -at- linuxmail -dot- org"
| #define PACKAGE_URL ""
| #define PACKAGE "libdwarf"
| #define VERSION "0.5.0"
| #define HAVE_STDIO_H 1
| #define HAVE_STDLIB_H 1
| #define HAVE_STRING_H 1
| #define HAVE_INTTYPES_H 1
| #define HAVE_STDINT_H 1
| #define HAVE_STRINGS_H 1
| #define HAVE_SYS_STAT_H 1
| #define HAVE_SYS_TYPES_H 1
| #define HAVE_UNISTD_H 1
| #define STDC_HEADERS 1
| #define HAVE_DLFCN_H 1
| #define LT_OBJDIR ".libs/"
| #define HAVE_UNISTD_H 1
| #define HAVE_SYS_TYPES_H 1
| #define HAVE_MALLOC_H 1
| #define HAVE_STDINT_H 1
| #define HAVE_INTTYPES_H 1
| #define HAVE_STDDEF_H 1
| #define HAVE_FCNTL_H 1
| #define HAVE_UINTPTR_T 1
| #define HAVE_INTPTR_T 1
| #define HAVE_ELF_H 1
| #define HAVE_UNUSED_ATTRIBUTE 1
| #define HAVE_ALLOCA_H 1
| #define HAVE_ALLOCA 1
| /* end confdefs.h.  */
| 
| /* Override any GCC internal prototype to avoid an error.
|    Use char because int might match the return type of a GCC
|    builtin and then its argument prototype would still apply.  */
| char elf64_getehdr ();
| int
| main (void)
| {
| return elf64_getehdr ();
|   ;
|   return 0;
| }
configure:15345: gcc -o conftest -g -O2   conftest.c -lelf    >&5
/usr/bin/ld: cannot find -lelf
collect2: error: ld returned 1 exit status
configure:15345: $? = 1
configure: failed program was:
| /* confdefs.h */
| #define PACKAGE_NAME "libdwarf"
| #define PACKAGE_TARNAME "libdwarf"
| #define PACKAGE_VERSION "0.5.0"
| #define PACKAGE_STRING "libdwarf 0.5.0"
| #define PACKAGE_BUGREPORT "libdwarf-list -at- linuxmail -dot- org"
| #define PACKAGE_URL ""
| #define PACKAGE "libdwarf"
| #define VERSION "0.5.0"
| #define HAVE_STDIO_H 1
| #define HAVE_STDLIB_H 1
| #define HAVE_STRING_H 1
| #define HAVE_INTTYPES_H 1
| #define HAVE_STDINT_H 1
| #define HAVE_STRINGS_H 1
| #define HAVE_SYS_STAT_H 1
| #define HAVE_SYS_TYPES_H 1
| #define HAVE_UNISTD_H 1
| #define STDC_HEADERS 1
| #define HAVE_DLFCN_H 1
| #define LT_OBJDIR ".libs/"
| #define HAVE_UNISTD_H 1
| #define HAVE_SYS_TYPES_H 1
| #define HAVE_MALLOC_H 1
| #define HAVE_STDINT_H 1
| #define HAVE_INTTYPES_H 1
| #define HAVE_STDDEF_H 1
| #define HAVE_FCNTL_H 1
| #define HAVE_UINTPTR_T 1
| #define HAVE_INTPTR_T 1
| #define HAVE_ELF_H 1
| #define HAVE_UNUSED_ATTRIBUTE 1
| #define HAVE_ALLOCA_H 1
| #define HAVE_ALLOCA 1
| /* end confdefs.h.  */
| 
| /* Override any GCC internal prototype to avoid an error.
|    Use char because int might match the return type of a GCC
|    builtin and then its argument prototype would still apply.  */
| char elf64_getehdr ();
| int
| main (void)
| {
| return elf64_getehdr ();
|   ;
|   return 0;
| }
configure:15365: result: no
configure:15381: checking for library containing elf64_getshdr
configure:15411: gcc -o conftest -g -O2   conftest.c   >&5
/usr/bin/ld: /tmp/ccOrv9zb.o: in function `main':
/home/andrei/Desktop/libdwarf-0.5.0/conftest.c:44: undefined reference to `elf64_getshdr'
collect2: error: ld returned 1 exit status
configure:15411: $? = 1
configure: failed program was:
| /* confdefs.h */
| #define PACKAGE_NAME "libdwarf"
| #define PACKAGE_TARNAME "libdwarf"
| #define PACKAGE_VERSION "0.5.0"
| #define PACKAGE_STRING "libdwarf 0.5.0"
| #define PACKAGE_BUGREPORT "libdwarf-list -at- linuxmail -dot- org"
| #define PACKAGE_URL ""
| #define PACKAGE "libdwarf"
| #define VERSION "0.5.0"
| #define HAVE_STDIO_H 1
| #define HAVE_STDLIB_H 1
| #define HAVE_STRING_H 1
| #define HAVE_INTTYPES_H 1
| #define HAVE_STDINT_H 1
| #define HAVE_STRINGS_H 1
| #define HAVE_SYS_STAT_H 1
| #define HAVE_SYS_TYPES_H 1
| #define HAVE_UNISTD_H 1
| #define STDC_HEADERS 1
| #define HAVE_DLFCN_H 1
| #define LT_OBJDIR ".libs/"
| #define HAVE_UNISTD_H 1
| #define HAVE_SYS_TYPES_H 1
| #define HAVE_MALLOC_H 1
| #define HAVE_STDINT_H 1
| #define HAVE_INTTYPES_H 1
| #define HAVE_STDDEF_H 1
| #define HAVE_FCNTL_H 1
| #define HAVE_UINTPTR_T 1
| #define HAVE_INTPTR_T 1
| #define HAVE_ELF_H 1
| #define HAVE_UNUSED_ATTRIBUTE 1
| #define HAVE_ALLOCA_H 1
| #define HAVE_ALLOCA 1
| /* end confdefs.h.  */
| 
| /* Override any GCC internal prototype to avoid an error.
|    Use char because int might match the return type of a GCC
|    builtin and then its argument prototype would still apply.  */
| char elf64_getshdr ();
| int
| main (void)
| {
| return elf64_getshdr ();
|   ;
|   return 0;
| }
configure:15411: gcc -o conftest -g -O2   conftest.c -lelf    >&5
/usr/bin/ld: cannot find -lelf
collect2: error: ld returned 1 exit status
configure:15411: $? = 1
configure: failed program was:
| /* confdefs.h */
| #define PACKAGE_NAME "libdwarf"
| #define PACKAGE_TARNAME "libdwarf"
| #define PACKAGE_VERSION "0.5.0"
| #define PACKAGE_STRING "libdwarf 0.5.0"
| #define PACKAGE_BUGREPORT "libdwarf-list -at- linuxmail -dot- org"
| #define PACKAGE_URL ""
| #define PACKAGE "libdwarf"
| #define VERSION "0.5.0"
| #define HAVE_STDIO_H 1
| #define HAVE_STDLIB_H 1
| #define HAVE_STRING_H 1
| #define HAVE_INTTYPES_H 1
| #define HAVE_STDINT_H 1
| #define HAVE_STRINGS_H 1
| #define HAVE_SYS_STAT_H 1
| #define HAVE_SYS_TYPES_H 1
| #define HAVE_UNISTD_H 1
| #define STDC_HEADERS 1
| #define HAVE_DLFCN_H 1
| #define LT_OBJDIR ".libs/"
| #define HAVE_UNISTD_H 1
| #define HAVE_SYS_TYPES_H 1
| #define HAVE_MALLOC_H 1
| #define HAVE_STDINT_H 1
| #define HAVE_INTTYPES_H 1
| #define HAVE_STDDEF_H 1
| #define HAVE_FCNTL_H 1
| #define HAVE_UINTPTR_T 1
| #define HAVE_INTPTR_T 1
| #define HAVE_ELF_H 1
| #define HAVE_UNUSED_ATTRIBUTE 1
| #define HAVE_ALLOCA_H 1
| #define HAVE_ALLOCA 1
| /* end confdefs.h.  */
| 
| /* Override any GCC internal prototype to avoid an error.
|    Use char because int might match the return type of a GCC
|    builtin and then its argument prototype would still apply.  */
| char elf64_getshdr ();
| int
| main (void)
| {
| return elf64_getshdr ();
|   ;
|   return 0;
| }
configure:15431: result: no
configure:15737: checking that generated files are newer than configure
configure:15743: result: done
configure:15775: creating ./config.status

## ---------------------- ##
## Running config.status. ##
## ---------------------- ##

This file was extended by libdwarf config.status 0.5.0, which was
generated by GNU Autoconf 2.71.  Invocation command line was

  CONFIG_FILES    = 
  CONFIG_HEADERS  = 
  CONFIG_LINKS    = 
  CONFIG_COMMANDS = 
  $ ./config.status 

on ubuntu

config.status:1197: creating Makefile
config.status:1197: creating src/lib/libdwarf/Makefile
config.status:1197: creating src/lib/libdwarfp/Makefile
config.status:1197: creating src/bin/dwarfdump/Makefile
config.status:1197: creating src/bin/dwarfgen/Makefile
config.status:1197: creating src/bin/dwarfexample/Makefile
config.status:1197: creating src/bin/gennames/Makefile
config.status:1197: creating src/bin/tag_attr/Makefile
config.status:1197: creating src/bin/tag_tree/Makefile
config.status:1197: creating src/bin/attr_form/Makefile
config.status:1197: creating src/bin/buildopstab/Makefile
config.status:1197: creating src/bin/builduritable/Makefile
config.status:1197: creating test/Makefile
config.status:1197: creating doc/Makefile
config.status:1197: creating libdwarf.pc
config.status:1197: creating libdwarfp.pc
config.status:1197: creating config.h
config.status:1426: executing depfiles commands
config.status:1503: cd src/lib/libdwarf       && sed -e '/# am--include-marker/d' Makefile         | make -f - am--depfiles
config.status:1508: $? = 0
config.status:1503: cd src/lib/libdwarfp       && sed -e '/# am--include-marker/d' Makefile         | make -f - am--depfiles
config.status:1508: $? = 0
config.status:1503: cd src/bin/dwarfdump       && sed -e '/# am--include-marker/d' Makefile         | make -f - am--depfiles
config.status:1508: $? = 0
config.status:1503: cd src/bin/dwarfgen       && sed -e '/# am--include-marker/d' Makefile         | make -f - am--depfiles
config.status:1508: $? = 0
config.status:1503: cd src/bin/dwarfexample       && sed -e '/# am--include-marker/d' Makefile         | make -f - am--depfiles
config.status:1508: $? = 0
config.status:1503: cd src/bin/gennames       && sed -e '/# am--include-marker/d' Makefile         | make -f - am--depfiles
config.status:1508: $? = 0
config.status:1503: cd src/bin/tag_attr       && sed -e '/# am--include-marker/d' Makefile         | make -f - am--depfiles
config.status:1508: $? = 0
config.status:1503: cd src/bin/tag_tree       && sed -e '/# am--include-marker/d' Makefile         | make -f - am--depfiles
config.status:1508: $? = 0
config.status:1503: cd src/bin/attr_form       && sed -e '/# am--include-marker/d' Makefile         | make -f - am--depfiles
config.status:1508: $? = 0
config.status:1503: cd src/bin/buildopstab       && sed -e '/# am--include-marker/d' Makefile         | make -f - am--depfiles
config.status:1508: $? = 0
config.status:1503: cd src/bin/builduritable       && sed -e '/# am--include-marker/d' Makefile         | make -f - am--depfiles
config.status:1508: $? = 0
config.status:1503: cd test       && sed -e '/# am--include-marker/d' Makefile         | make -f - am--depfiles
config.status:1508: $? = 0
config.status:1426: executing libtool commands

## ---------------- ##
## Cache variables. ##
## ---------------- ##

ac_cv_build=x86_64-pc-linux-gnu
ac_cv_c_bigendian=no
ac_cv_c_compiler_gnu=yes
ac_cv_c_uint32_t=yes
ac_cv_cxx_compiler_gnu=yes
ac_cv_env_CCC_set=
ac_cv_env_CCC_value=
ac_cv_env_CC_set=
ac_cv_env_CC_value=
ac_cv_env_CFLAGS_set=
ac_cv_env_CFLAGS_value=
ac_cv_env_CPPFLAGS_set=
ac_cv_env_CPPFLAGS_value=
ac_cv_env_CXXCPP_set=
ac_cv_env_CXXCPP_value=
ac_cv_env_CXXFLAGS_set=
ac_cv_env_CXXFLAGS_value=
ac_cv_env_CXX_set=
ac_cv_env_CXX_value=
ac_cv_env_DOXYGEN_set=
ac_cv_env_DOXYGEN_value=
ac_cv_env_DWARFGEN_LIBS_set=
ac_cv_env_DWARFGEN_LIBS_value=
ac_cv_env_DWARF_BIGENDIAN_set=
ac_cv_env_DWARF_BIGENDIAN_value=
ac_cv_env_DWARF_LIBS_set=
ac_cv_env_DWARF_LIBS_value=
ac_cv_env_LDFLAGS_set=
ac_cv_env_LDFLAGS_value=
ac_cv_env_LIBS_set=
ac_cv_env_LIBS_value=
ac_cv_env_LT_SYS_LIBRARY_PATH_set=
ac_cv_env_LT_SYS_LIBRARY_PATH_value=
ac_cv_env_PKG_CONFIG_LIBDIR_set=
ac_cv_env_PKG_CONFIG_LIBDIR_value=
ac_cv_env_PKG_CONFIG_PATH_set=
ac_cv_env_PKG_CONFIG_PATH_value=
ac_cv_env_PKG_CONFIG_set=
ac_cv_env_PKG_CONFIG_value=
ac_cv_env_ZLIB_CFLAGS_set=
ac_cv_env_ZLIB_CFLAGS_value=
ac_cv_env_ZLIB_LIBS_set=
ac_cv_env_ZLIB_LIBS_value=
ac_cv_env_ZSTD_CFLAGS_set=
ac_cv_env_ZSTD_CFLAGS_value=
ac_cv_env_ZSTD_LIBS_set=
ac_cv_env_ZSTD_LIBS_value=
ac_cv_env_build_alias_set=
ac_cv_env_build_alias_value=
ac_cv_env_host_alias_set=
ac_cv_env_host_alias_value=
ac_cv_env_target_alias_set=
ac_cv_env_target_alias_value=
ac_cv_func_alloca_works=yes
ac_cv_header_dlfcn_h=yes
ac_cv_header_elf_h=yes
ac_cv_header_fcntl_h=yes
ac_cv_header_inttypes_h=yes
ac_cv_header_libelf_h=no
ac_cv_header_libelf_libelf_h=no
ac_cv_header_malloc_h=yes
ac_cv_header_stddef_h=yes
ac_cv_header_stdint_h=yes
ac_cv_header_stdio_h=yes
ac_cv_header_stdlib_h=yes
ac_cv_header_string_h=yes
ac_cv_header_strings_h=yes
ac_cv_header_sys_stat_h=yes
ac_cv_header_sys_types_h=yes
ac_cv_header_unistd_h=yes
ac_cv_header_zstd_h=no
ac_cv_host=x86_64-pc-linux-gnu
ac_cv_objext=o
ac_cv_path_EGREP='/usr/bin/grep -E'
ac_cv_path_FGREP='/usr/bin/grep -F'
ac_cv_path_GREP=/usr/bin/grep
ac_cv_path_SED=/usr/bin/sed
ac_cv_path_ac_pt_PKG_CONFIG=/usr/bin/pkg-config
ac_cv_path_install='/usr/bin/install -c'
ac_cv_path_lt_DD=/usr/bin/dd
ac_cv_path_mkdir=/usr/bin/mkdir
ac_cv_prog_AWK=mawk
ac_cv_prog_CXXCPP='g++ -E'
ac_cv_prog_ac_ct_AR=ar
ac_cv_prog_ac_ct_CC=gcc
ac_cv_prog_ac_ct_CXX=g++
ac_cv_prog_ac_ct_MANIFEST_TOOL=mt
ac_cv_prog_ac_ct_OBJDUMP=objdump
ac_cv_prog_ac_ct_RANLIB=ranlib
ac_cv_prog_ac_ct_STRIP=strip
ac_cv_prog_cc_c11=
ac_cv_prog_cc_g=yes
ac_cv_prog_cc_gcc_c_o=yes
ac_cv_prog_cc_stdc=
ac_cv_prog_cxx_11=no
ac_cv_prog_cxx_cxx11=
ac_cv_prog_cxx_g=yes
ac_cv_prog_cxx_stdcxx=
ac_cv_prog_make_make_set=yes
ac_cv_search_elf64_getehdr=no
ac_cv_search_elf64_getshdr=no
ac_cv_type_intptr_t=yes
ac_cv_type_size_t=yes
ac_cv_type_uintptr_t=yes
ac_cv_working_alloca_h=yes
am_cv_CC_dependencies_compiler_type=gcc3
am_cv_CXX_dependencies_compiler_type=gcc3
am_cv_ar_interface=ar
am_cv_make_support_nested_variables=yes
am_cv_prog_cc_c_o=yes
lt_cv_ar_at_file=@
lt_cv_deplibs_check_method=pass_all
lt_cv_file_magic_cmd='$MAGIC_CMD'
lt_cv_file_magic_test_file=
lt_cv_ld_reload_flag=-r
lt_cv_nm_interface='BSD nm'
lt_cv_objdir=.libs
lt_cv_path_LD=/usr/bin/ld
lt_cv_path_LDCXX='/usr/bin/ld -m elf_x86_64'
lt_cv_path_NM='/usr/bin/nm -B'
lt_cv_path_mainfest_tool=no
lt_cv_prog_compiler_c_o=yes
lt_cv_prog_compiler_c_o_CXX=yes
lt_cv_prog_compiler_pic='-fPIC -DPIC'
lt_cv_prog_compiler_pic_CXX='-fPIC -DPIC'
lt_cv_prog_compiler_pic_works=yes
lt_cv_prog_compiler_pic_works_CXX=yes
lt_cv_prog_compiler_rtti_exceptions=no
lt_cv_prog_compiler_static_works=yes
lt_cv_prog_compiler_static_works_CXX=yes
lt_cv_prog_gnu_ld=yes
lt_cv_prog_gnu_ldcxx=yes
lt_cv_sharedlib_from_linklib_cmd='printf %s\n'
lt_cv_shlibpath_overrides_runpath=yes
lt_cv_sys_global_symbol_pipe='sed -n -e '\''s/^.*[	 ]\([ABCDGIRSTW][ABCDGIRSTW]*\)[	 ][	 ]*\([_A-Za-z][_A-Za-z0-9]*\)$/\1 \2 \2/p'\'' | sed '\''/ __gnu_lto/d'\'''
lt_cv_sys_global_symbol_to_c_name_address='sed -n -e '\''s/^: \(.*\) .*$/  {"\1", (void *) 0},/p'\'' -e '\''s/^[ABCDGIRSTW][ABCDGIRSTW]* .* \(.*\)$/  {"\1", (void *) \&\1},/p'\'''
lt_cv_sys_global_symbol_to_c_name_address_lib_prefix='sed -n -e '\''s/^: \(.*\) .*$/  {"\1", (void *) 0},/p'\'' -e '\''s/^[ABCDGIRSTW][ABCDGIRSTW]* .* \(lib.*\)$/  {"\1", (void *) \&\1},/p'\'' -e '\''s/^[ABCDGIRSTW][ABCDGIRSTW]* .* \(.*\)$/  {"lib\1", (void *) \&\1},/p'\'''
lt_cv_sys_global_symbol_to_cdecl='sed -n -e '\''s/^T .* \(.*\)$/extern int \1();/p'\'' -e '\''s/^[ABCDGIRSTW][ABCDGIRSTW]* .* \(.*\)$/extern char \1;/p'\'''
lt_cv_sys_global_symbol_to_import=
lt_cv_sys_max_cmd_len=1572864
lt_cv_to_host_file_cmd=func_convert_file_noop
lt_cv_to_tool_file_cmd=func_convert_file_noop
lt_cv_truncate_bin='/usr/bin/dd bs=4096 count=1'
pkg_cv_ZLIB_CFLAGS=
pkg_cv_ZLIB_LIBS='-L/usr/lib/x86_64-linux-gnu -lz '

## ----------------- ##
## Output variables. ##
## ----------------- ##

ACLOCAL='${SHELL} '\''/home/andrei/Desktop/libdwarf-0.5.0/missing'\'' aclocal-1.16'
ALLOCA=''
AMDEPBACKSLASH='\'
AMDEP_FALSE='#'
AMDEP_TRUE=''
AMTAR='$${TAR-tar}'
AM_BACKSLASH='\'
AM_DEFAULT_V='$(AM_DEFAULT_VERBOSITY)'
AM_DEFAULT_VERBOSITY='0'
AM_V='$(V)'
AR='ar'
AS='as'
AUTOCONF='${SHELL} '\''/home/andrei/Desktop/libdwarf-0.5.0/missing'\'' autoconf'
AUTOHEADER='${SHELL} '\''/home/andrei/Desktop/libdwarf-0.5.0/missing'\'' autoheader'
AUTOMAKE='${SHELL} '\''/home/andrei/Desktop/libdwarf-0.5.0/missing'\'' automake-1.16'
AWK='mawk'
CC='gcc'
CCDEPMODE='depmode=gcc3'
CFLAGS='-g -O2'
CPPFLAGS=''
CSCOPE='cscope'
CTAGS='ctags'
CXX='g++'
CXXCPP='g++ -E'
CXXDEPMODE='depmode=gcc3'
CXXFLAGS='-g -O2'
CYGPATH_W='echo'
DEFS='-DHAVE_CONFIG_H'
DEPDIR='.deps'
DLLTOOL='false'
DOXYGEN=''
DSYMUTIL=''
DUMPBIN=''
DWARFGEN_LIBS=''
DWARF_BIGENDIAN='no'
DWARF_CFLAGS_WARN=' '
DWARF_CXXFLAGS_WARN=' '
DWARF_LIBS=''
ECHO_C=''
ECHO_N='-n'
ECHO_T=''
EGREP='/usr/bin/grep -E'
ETAGS='etags'
EXEEXT=''
FGREP='/usr/bin/grep -F'
GREP='/usr/bin/grep'
HAVE_DEBUGLINK_FALSE='#'
HAVE_DEBUGLINK_TRUE=''
HAVE_DOC_FALSE=''
HAVE_DOC_TRUE='#'
HAVE_DWARFEXAMPLE_FALSE=''
HAVE_DWARFEXAMPLE_TRUE='#'
HAVE_DWARFGEN_FALSE=''
HAVE_DWARFGEN_TRUE='#'
INSTALL_DATA='${INSTALL} -m 644'
INSTALL_PROGRAM='${INSTALL}'
INSTALL_SCRIPT='${INSTALL}'
INSTALL_STRIP_PROGRAM='$(install_sh) -c -s'
LD='/usr/bin/ld -m elf_x86_64'
LDFLAGS=''
LIBOBJS=''
LIBS=''
LIBTOOL='$(SHELL) $(top_builddir)/libtool'
LIPO=''
LN_S='ln -s'
LTLIBOBJS=''
LT_SYS_LIBRARY_PATH=''
MAKEINFO='${SHELL} '\''/home/andrei/Desktop/libdwarf-0.5.0/missing'\'' makeinfo'
MANIFEST_TOOL=':'
MKDIR_P='/usr/bin/mkdir -p'
NM='/usr/bin/nm -B'
NMEDIT=''
OBJDUMP='objdump'
OBJEXT='o'
OTOOL64=''
OTOOL=''
PACKAGE='libdwarf'
PACKAGE_BUGREPORT='libdwarf-list -at- linuxmail -dot- org'
PACKAGE_NAME='libdwarf'
PACKAGE_STRING='libdwarf 0.5.0'
PACKAGE_TARNAME='libdwarf'
PACKAGE_URL=''
PACKAGE_VERSION='0.5.0'
PATH_SEPARATOR=':'
PKG_CONFIG='/usr/bin/pkg-config'
PKG_CONFIG_LIBDIR=''
PKG_CONFIG_PATH=''
RANLIB='ranlib'
SED='/usr/bin/sed'
SET_MAKE=''
SHELL='/bin/bash'
STRIP='strip'
VERSION='0.5.0'
VMAJ='0'
ZLIB_CFLAGS=''
ZLIB_LIBS='-L/usr/lib/x86_64-linux-gnu -lz '
ZSTD_CFLAGS=''
ZSTD_LIBS=''
ac_ct_AR='ar'
ac_ct_CC='gcc'
ac_ct_CXX='g++'
ac_ct_DUMPBIN=''
am__EXEEXT_FALSE=''
am__EXEEXT_TRUE='#'
am__fastdepCC_FALSE='#'
am__fastdepCC_TRUE=''
am__fastdepCXX_FALSE='#'
am__fastdepCXX_TRUE=''
am__include='include'
am__isrc=''
am__leading_dot='.'
am__nodep='_no'
am__quote=''
am__tar='$${TAR-tar} chof - "$$tardir"'
am__untar='$${TAR-tar} xf -'
bindir='${exec_prefix}/bin'
build='x86_64-pc-linux-gnu'
build_alias=''
build_cpu='x86_64'
build_os='linux-gnu'
build_vendor='pc'
datadir='${datarootdir}'
datarootdir='${prefix}/share'
docdir='${datarootdir}/doc/${PACKAGE_TARNAME}'
dvidir='${docdir}'
exec_prefix='${prefix}'
host='x86_64-pc-linux-gnu'
host_alias=''
host_cpu='x86_64'
host_os='linux-gnu'
host_vendor='pc'
htmldir='${docdir}'
includedir='${prefix}/include'
infodir='${datarootdir}/info'
install_sh='${SHELL} /home/andrei/Desktop/libdwarf-0.5.0/install-sh'
libdir='${exec_prefix}/lib'
libexecdir='${exec_prefix}/libexec'
localedir='${datarootdir}/locale'
localstatedir='${prefix}/var'
mandir='${datarootdir}/man'
mkdir_p='$(MKDIR_P)'
oldincludedir='/usr/include'
pdfdir='${docdir}'
prefix='/usr/local'
program_transform_name='s,x,x,'
psdir='${docdir}'
release_info=''
requirements_libdwarf_libs=''
requirements_libdwarf_pc='zlib'
runstatedir='${localstatedir}/run'
sbindir='${exec_prefix}/sbin'
sharedstatedir='${prefix}/com'
sysconfdir='${prefix}/etc'
target_alias=''
version_info='5:0:5'

## ----------- ##
## confdefs.h. ##
## ----------- ##

/* confdefs.h */
#define PACKAGE_NAME "libdwarf"
#define PACKAGE_TARNAME "libdwarf"
#define PACKAGE_VERSION "0.5.0"
#define PACKAGE_STRING "libdwarf 0.5.0"
#define PACKAGE_BUGREPORT "libdwarf-list -at- linuxmail -dot- org"
#define PACKAGE_URL ""
#define PACKAGE "libdwarf"
#define VERSION "0.5.0"
#define HAVE_STDIO_H 1
#define HAVE_STDLIB_H 1
#define HAVE_STRING_H 1
#define HAVE_INTTYPES_H 1
#define HAVE_STDINT_H 1
#define HAVE_STRINGS_H 1
#define HAVE_SYS_STAT_H 1
#define HAVE_SYS_TYPES_H 1
#define HAVE_UNISTD_H 1
#define STDC_HEADERS 1
#define HAVE_DLFCN_H 1
#define LT_OBJDIR ".libs/"
#define HAVE_UNISTD_H 1
#define HAVE_SYS_TYPES_H 1
#define HAVE_MALLOC_H 1
#define HAVE_STDINT_H 1
#define HAVE_INTTYPES_H 1
#define HAVE_STDDEF_H 1
#define HAVE_FCNTL_H 1
#define HAVE_UINTPTR_T 1
#define HAVE_INTPTR_T 1
#define HAVE_ELF_H 1
#define HAVE_UNUSED_ATTRIBUTE 1
#define HAVE_ALLOCA_H 1
#define HAVE_ALLOCA 1
#define HAVE_ZLIB 1
#define HAVE_ZLIB_H 1

configure: exit 0
