Determining if the include file sgidefs.h exists failed with the following output:
Change Dir: /home/andrei/Desktop/libdwarf-0.5.0/CMakeFiles/CMakeTmp

Run Build Command(s):/usr/bin/make cmTC_471c3/fast && /usr/bin/make -f CMakeFiles/cmTC_471c3.dir/build.make CMakeFiles/cmTC_471c3.dir/build
make[1]: Entering directory '/home/andrei/Desktop/libdwarf-0.5.0/CMakeFiles/CMakeTmp'
Building C object CMakeFiles/cmTC_471c3.dir/CheckIncludeFile.c.o
/usr/bin/cc    -o CMakeFiles/cmTC_471c3.dir/CheckIncludeFile.c.o   -c /home/andrei/Desktop/libdwarf-0.5.0/CMakeFiles/CMakeTmp/CheckIncludeFile.c
/home/andrei/Desktop/libdwarf-0.5.0/CMakeFiles/CMakeTmp/CheckIncludeFile.c:1:10: fatal error: sgidefs.h: No such file or directory
    1 | #include <sgidefs.h>
      |          ^~~~~~~~~~~
compilation terminated.
make[1]: *** [CMakeFiles/cmTC_471c3.dir/build.make:66: CMakeFiles/cmTC_471c3.dir/CheckIncludeFile.c.o] Error 1
make[1]: Leaving directory '/home/andrei/Desktop/libdwarf-0.5.0/CMakeFiles/CMakeTmp'
make: *** [Makefile:121: cmTC_471c3/fast] Error 2



Determining if the include file stdafx.h exists failed with the following output:
Change Dir: /home/andrei/Desktop/libdwarf-0.5.0/CMakeFiles/CMakeTmp

Run Build Command(s):/usr/bin/make cmTC_0fa76/fast && /usr/bin/make -f CMakeFiles/cmTC_0fa76.dir/build.make CMakeFiles/cmTC_0fa76.dir/build
make[1]: Entering directory '/home/andrei/Desktop/libdwarf-0.5.0/CMakeFiles/CMakeTmp'
Building C object CMakeFiles/cmTC_0fa76.dir/CheckIncludeFile.c.o
/usr/bin/cc    -o CMakeFiles/cmTC_0fa76.dir/CheckIncludeFile.c.o   -c /home/andrei/Desktop/libdwarf-0.5.0/CMakeFiles/CMakeTmp/CheckIncludeFile.c
/home/andrei/Desktop/libdwarf-0.5.0/CMakeFiles/CMakeTmp/CheckIncludeFile.c:1:10: fatal error: stdafx.h: No such file or directory
    1 | #include <stdafx.h>
      |          ^~~~~~~~~~
compilation terminated.
make[1]: *** [CMakeFiles/cmTC_0fa76.dir/build.make:66: CMakeFiles/cmTC_0fa76.dir/CheckIncludeFile.c.o] Error 1
make[1]: Leaving directory '/home/andrei/Desktop/libdwarf-0.5.0/CMakeFiles/CMakeTmp'
make: *** [Makefile:121: cmTC_0fa76/fast] Error 2



Determining if the include file libelf.h exists failed with the following output:
Change Dir: /home/andrei/Desktop/libdwarf-0.5.0/CMakeFiles/CMakeTmp

Run Build Command(s):/usr/bin/make cmTC_55556/fast && /usr/bin/make -f CMakeFiles/cmTC_55556.dir/build.make CMakeFiles/cmTC_55556.dir/build
make[1]: Entering directory '/home/andrei/Desktop/libdwarf-0.5.0/CMakeFiles/CMakeTmp'
Building C object CMakeFiles/cmTC_55556.dir/CheckIncludeFile.c.o
/usr/bin/cc    -o CMakeFiles/cmTC_55556.dir/CheckIncludeFile.c.o   -c /home/andrei/Desktop/libdwarf-0.5.0/CMakeFiles/CMakeTmp/CheckIncludeFile.c
/home/andrei/Desktop/libdwarf-0.5.0/CMakeFiles/CMakeTmp/CheckIncludeFile.c:1:10: fatal error: libelf.h: No such file or directory
    1 | #include <libelf.h>
      |          ^~~~~~~~~~
compilation terminated.
make[1]: *** [CMakeFiles/cmTC_55556.dir/build.make:66: CMakeFiles/cmTC_55556.dir/CheckIncludeFile.c.o] Error 1
make[1]: Leaving directory '/home/andrei/Desktop/libdwarf-0.5.0/CMakeFiles/CMakeTmp'
make: *** [Makefile:121: cmTC_55556/fast] Error 2



Determining if the include file libelf/libelf.h exists failed with the following output:
Change Dir: /home/andrei/Desktop/libdwarf-0.5.0/CMakeFiles/CMakeTmp

Run Build Command(s):/usr/bin/make cmTC_fb5f8/fast && /usr/bin/make -f CMakeFiles/cmTC_fb5f8.dir/build.make CMakeFiles/cmTC_fb5f8.dir/build
make[1]: Entering directory '/home/andrei/Desktop/libdwarf-0.5.0/CMakeFiles/CMakeTmp'
Building C object CMakeFiles/cmTC_fb5f8.dir/CheckIncludeFile.c.o
/usr/bin/cc    -o CMakeFiles/cmTC_fb5f8.dir/CheckIncludeFile.c.o   -c /home/andrei/Desktop/libdwarf-0.5.0/CMakeFiles/CMakeTmp/CheckIncludeFile.c
/home/andrei/Desktop/libdwarf-0.5.0/CMakeFiles/CMakeTmp/CheckIncludeFile.c:1:10: fatal error: libelf/libelf.h: No such file or directory
    1 | #include <libelf/libelf.h>
      |          ^~~~~~~~~~~~~~~~~
compilation terminated.
make[1]: *** [CMakeFiles/cmTC_fb5f8.dir/build.make:66: CMakeFiles/cmTC_fb5f8.dir/CheckIncludeFile.c.o] Error 1
make[1]: Leaving directory '/home/andrei/Desktop/libdwarf-0.5.0/CMakeFiles/CMakeTmp'
make: *** [Makefile:121: cmTC_fb5f8/fast] Error 2



Performing C SOURCE FILE Test HAVE_ZLIB failed with the following output:
Change Dir: /home/andrei/Desktop/libdwarf-0.5.0/CMakeFiles/CMakeTmp

Run Build Command(s):/usr/bin/make cmTC_c26af/fast && /usr/bin/make -f CMakeFiles/cmTC_c26af.dir/build.make CMakeFiles/cmTC_c26af.dir/build
make[1]: Entering directory '/home/andrei/Desktop/libdwarf-0.5.0/CMakeFiles/CMakeTmp'
Building C object CMakeFiles/cmTC_c26af.dir/src.c.o
/usr/bin/cc   -DHAVE_ZLIB   -o CMakeFiles/cmTC_c26af.dir/src.c.o   -c /home/andrei/Desktop/libdwarf-0.5.0/CMakeFiles/CMakeTmp/src.c
/home/andrei/Desktop/libdwarf-0.5.0/CMakeFiles/CMakeTmp/src.c:1:12: fatal error: zlib.h: No such file or directory
    1 |   #include "zlib.h"
      |            ^~~~~~~~
compilation terminated.
make[1]: *** [CMakeFiles/cmTC_c26af.dir/build.make:66: CMakeFiles/cmTC_c26af.dir/src.c.o] Error 1
make[1]: Leaving directory '/home/andrei/Desktop/libdwarf-0.5.0/CMakeFiles/CMakeTmp'
make: *** [Makefile:121: cmTC_c26af/fast] Error 2


Source file was:
  #include "zlib.h"
  int main()
  {
      Bytef dest[100];
      uLongf destlen = 100;
      Bytef *src = 0;
      uLong srclen = 3;
      int res = uncompress(dest,&destlen,src,srclen);
      if (res == Z_OK) {
           /* ALL IS WELL */
      }
      return 0;
  } 
Performing C SOURCE FILE Test HAVE_ZLIB_H failed with the following output:
Change Dir: /home/andrei/Desktop/libdwarf-0.5.0/CMakeFiles/CMakeTmp

Run Build Command(s):/usr/bin/make cmTC_d7467/fast && /usr/bin/make -f CMakeFiles/cmTC_d7467.dir/build.make CMakeFiles/cmTC_d7467.dir/build
make[1]: Entering directory '/home/andrei/Desktop/libdwarf-0.5.0/CMakeFiles/CMakeTmp'
Building C object CMakeFiles/cmTC_d7467.dir/src.c.o
/usr/bin/cc   -DHAVE_ZLIB_H   -o CMakeFiles/cmTC_d7467.dir/src.c.o   -c /home/andrei/Desktop/libdwarf-0.5.0/CMakeFiles/CMakeTmp/src.c
/home/andrei/Desktop/libdwarf-0.5.0/CMakeFiles/CMakeTmp/src.c:1:12: fatal error: zlib.h: No such file or directory
    1 |   #include "zlib.h"
      |            ^~~~~~~~
compilation terminated.
make[1]: *** [CMakeFiles/cmTC_d7467.dir/build.make:66: CMakeFiles/cmTC_d7467.dir/src.c.o] Error 1
make[1]: Leaving directory '/home/andrei/Desktop/libdwarf-0.5.0/CMakeFiles/CMakeTmp'
make: *** [Makefile:121: cmTC_d7467/fast] Error 2


Source file was:
  #include "zlib.h"
  int main()
  {
      Bytef dest[100];
      uLongf destlen = 100;
      Bytef *src = 0;
      uLong srclen = 3;
      int res = uncompress(dest,&destlen,src,srclen);
      if (res == Z_OK) {
           /* ALL IS WELL */
      }
      return 0;
  } 
Performing C SOURCE FILE Test HAVE_ZSTD failed with the following output:
Change Dir: /home/andrei/Desktop/libdwarf-0.5.0/CMakeFiles/CMakeTmp

Run Build Command(s):/usr/bin/make cmTC_e728b/fast && /usr/bin/make -f CMakeFiles/cmTC_e728b.dir/build.make CMakeFiles/cmTC_e728b.dir/build
make[1]: Entering directory '/home/andrei/Desktop/libdwarf-0.5.0/CMakeFiles/CMakeTmp'
Building C object CMakeFiles/cmTC_e728b.dir/src.c.o
/usr/bin/cc   -DHAVE_ZSTD   -o CMakeFiles/cmTC_e728b.dir/src.c.o   -c /home/andrei/Desktop/libdwarf-0.5.0/CMakeFiles/CMakeTmp/src.c
/home/andrei/Desktop/libdwarf-0.5.0/CMakeFiles/CMakeTmp/src.c:1:12: fatal error: zstd.h: No such file or directory
    1 |   #include "zstd.h"
      |            ^~~~~~~~
compilation terminated.
make[1]: *** [CMakeFiles/cmTC_e728b.dir/build.make:66: CMakeFiles/cmTC_e728b.dir/src.c.o] Error 1
make[1]: Leaving directory '/home/andrei/Desktop/libdwarf-0.5.0/CMakeFiles/CMakeTmp'
make: *** [Makefile:121: cmTC_e728b/fast] Error 2


Source file was:
  #include "zstd.h"
  int main()
  {
      char * dest[100];
      size_t destlen = 100;
      char *src = 0;
      size_t srclen = 3;
      size_t res = ZSTD_decompress(dest,destlen,src,srclen);
      if (res == destlen) {
           /* ALL IS WELL */
      }
      return 0;
  } 
Performing C SOURCE FILE Test HAVE_ZSTD_H failed with the following output:
Change Dir: /home/andrei/Desktop/libdwarf-0.5.0/CMakeFiles/CMakeTmp

Run Build Command(s):/usr/bin/make cmTC_ee33d/fast && /usr/bin/make -f CMakeFiles/cmTC_ee33d.dir/build.make CMakeFiles/cmTC_ee33d.dir/build
make[1]: Entering directory '/home/andrei/Desktop/libdwarf-0.5.0/CMakeFiles/CMakeTmp'
Building C object CMakeFiles/cmTC_ee33d.dir/src.c.o
/usr/bin/cc   -DHAVE_ZSTD_H   -o CMakeFiles/cmTC_ee33d.dir/src.c.o   -c /home/andrei/Desktop/libdwarf-0.5.0/CMakeFiles/CMakeTmp/src.c
/home/andrei/Desktop/libdwarf-0.5.0/CMakeFiles/CMakeTmp/src.c:1:12: fatal error: zstd.h: No such file or directory
    1 |   #include "zstd.h"
      |            ^~~~~~~~
compilation terminated.
make[1]: *** [CMakeFiles/cmTC_ee33d.dir/build.make:66: CMakeFiles/cmTC_ee33d.dir/src.c.o] Error 1
make[1]: Leaving directory '/home/andrei/Desktop/libdwarf-0.5.0/CMakeFiles/CMakeTmp'
make: *** [Makefile:121: cmTC_ee33d/fast] Error 2


Source file was:
  #include "zstd.h"
  int main()
  {
      char * dest[100];
      size_t destlen = 100;
      char *src = 0;
      size_t srclen = 3;
      size_t res = ZSTD_decompress(dest,&destlen,src,srclen);
      if (res == destlen) {
           /* ALL IS WELL */
      }
      return 0;
  } 
